# JRE version: OpenJDK Runtime Environment Corretto-21.0.5.11.1 (21.0.5+11) (build 21.0.5+11-LTS)
# Java VM: OpenJDK 64-Bit Server VM Corretto-21.0.5.11.1 (21.0.5+11-LTS, mixed mode, emulated-client, sharing, tiered, compressed oops, compressed class ptrs, g1 gc, windows-amd64)
GC Precious Log:
 CardTable entry size: 512
 Card Set container configuration: InlinePtr #cards 4 size 8 Array Of Cards #cards 16 size 48 Howl #buckets 8 coarsen threshold 3686 Howl Bitmap #cards 512 size 80 coarsen threshold 460 Card regions per heap region 1 cards per card region 4096
 CPUs: 8 total, 8 available
 Memory: 16118M
 Large Page Support: Disabled
 NUMA Support: Disabled
 Compressed Oops: Enabled (Zero based)
 Heap Region Size: 2M
 Heap Min Capacity: 8M
 Heap Initial Capacity: 252M
 Heap Max Capacity: 4030M
 Pre-touch: Disabled
 Parallel Workers: 8
 Concurrent Workers: 2
 Concurrent Refinement Workers: 8
 Periodic GC: Disabled
Heap:
 garbage-first heap   total 155648K, used 76060K [0x0000000704200000, 0x0000000800000000)
  region size 2048K, 29 young (59392K), 2 survivors (4096K)
 Metaspace       used 52846K, committed 53504K, reserved 1114112K
  class space    used 7021K, committed 7360K, reserved 1048576K
GC Heap History (20 events):
Event: 7.603 GC heap before
{Heap before GC invocations=0 (full 0):
 garbage-first heap   total 258048K, used 20480K [0x0000000704200000, 0x0000000800000000)
  region size 2048K, 11 young (22528K), 0 survivors (0K)
 Metaspace       used 6444K, committed 6656K, reserved 1114112K
  class space    used 735K, committed 832K, reserved 1048576K
}
Event: 7.607 GC heap after
{Heap after GC invocations=1 (full 0):
 garbage-first heap   total 258048K, used 7261K [0x0000000704200000, 0x0000000800000000)
  region size 2048K, 2 young (4096K), 2 survivors (4096K)
 Metaspace       used 6444K, committed 6656K, reserved 1114112K
  class space    used 735K, committed 832K, reserved 1048576K
}
Event: 8.213 GC heap before
{Heap before GC invocations=1 (full 0):
 garbage-first heap   total 258048K, used 29789K [0x0000000704200000, 0x0000000800000000)
  region size 2048K, 14 young (28672K), 2 survivors (4096K)
 Metaspace       used 12414K, committed 12800K, reserved 1114112K
  class space    used 1658K, committed 1856K, reserved 1048576K
}
Event: 8.218 GC heap after
{Heap after GC invocations=2 (full 0):
 garbage-first heap   total 258048K, used 9893K [0x0000000704200000, 0x0000000800000000)
  region size 2048K, 2 young (4096K), 2 survivors (4096K)
 Metaspace       used 12414K, committed 12800K, reserved 1114112K
  class space    used 1658K, committed 1856K, reserved 1048576K
}
Event: 8.881 GC heap before
{Heap before GC invocations=2 (full 0):
 garbage-first heap   total 258048K, used 50853K [0x0000000704200000, 0x0000000800000000)
  region size 2048K, 24 young (49152K), 2 survivors (4096K)
 Metaspace       used 21146K, committed 21504K, reserved 1114112K
  class space    used 2835K, committed 3008K, reserved 1048576K
}
Event: 8.886 GC heap after
{Heap after GC invocations=3 (full 0):
 garbage-first heap   total 258048K, used 12930K [0x0000000704200000, 0x0000000800000000)
  region size 2048K, 3 young (6144K), 3 survivors (6144K)
 Metaspace       used 21146K, committed 21504K, reserved 1114112K
  class space    used 2835K, committed 3008K, reserved 1048576K
}
Event: 9.174 GC heap before
{Heap before GC invocations=4 (full 0):
 garbage-first heap   total 49152K, used 35458K [0x0000000704200000, 0x0000000800000000)
  region size 2048K, 14 young (28672K), 3 survivors (6144K)
 Metaspace       used 23411K, committed 23808K, reserved 1114112K
  class space    used 3180K, committed 3328K, reserved 1048576K
}
Event: 9.183 GC heap after
{Heap after GC invocations=5 (full 0):
 garbage-first heap   total 49152K, used 15003K [0x0000000704200000, 0x0000000800000000)
  region size 2048K, 2 young (4096K), 2 survivors (4096K)
 Metaspace       used 23411K, committed 23808K, reserved 1114112K
  class space    used 3180K, committed 3328K, reserved 1048576K
}
Event: 10.967 GC heap before
{Heap before GC invocations=5 (full 0):
 garbage-first heap   total 49152K, used 33435K [0x0000000704200000, 0x0000000800000000)
  region size 2048K, 11 young (22528K), 2 survivors (4096K)
 Metaspace       used 25964K, committed 26432K, reserved 1114112K
  class space    used 3531K, committed 3712K, reserved 1048576K
}
Event: 10.972 GC heap after
{Heap after GC invocations=6 (full 0):
 garbage-first heap   total 49152K, used 16614K [0x0000000704200000, 0x0000000800000000)
  region size 2048K, 2 young (4096K), 2 survivors (4096K)
 Metaspace       used 25964K, committed 26432K, reserved 1114112K
  class space    used 3531K, committed 3712K, reserved 1048576K
}
Event: 11.325 GC heap before
{Heap before GC invocations=6 (full 0):
 garbage-first heap   total 49152K, used 35046K [0x0000000704200000, 0x0000000800000000)
  region size 2048K, 11 young (22528K), 2 survivors (4096K)
 Metaspace       used 29216K, committed 29760K, reserved 1114112K
  class space    used 4014K, committed 4288K, reserved 1048576K
}
Event: 11.332 GC heap after
{Heap after GC invocations=7 (full 0):
 garbage-first heap   total 49152K, used 18284K [0x0000000704200000, 0x0000000800000000)
  region size 2048K, 2 young (4096K), 2 survivors (4096K)
 Metaspace       used 29216K, committed 29760K, reserved 1114112K
  class space    used 4014K, committed 4288K, reserved 1048576K
}
Event: 11.647 GC heap before
{Heap before GC invocations=7 (full 0):
 garbage-first heap   total 49152K, used 36716K [0x0000000704200000, 0x0000000800000000)
  region size 2048K, 11 young (22528K), 2 survivors (4096K)
 Metaspace       used 32762K, committed 33408K, reserved 1114112K
  class space    used 4480K, committed 4800K, reserved 1048576K
}
Event: 11.650 GC heap after
{Heap after GC invocations=8 (full 0):
 garbage-first heap   total 49152K, used 20025K [0x0000000704200000, 0x0000000800000000)
  region size 2048K, 2 young (4096K), 2 survivors (4096K)
 Metaspace       used 32762K, committed 33408K, reserved 1114112K
  class space    used 4480K, committed 4800K, reserved 1048576K
}
Event: 11.944 GC heap before
{Heap before GC invocations=8 (full 0):
 garbage-first heap   total 49152K, used 26169K [0x0000000704200000, 0x0000000800000000)
  region size 2048K, 6 young (12288K), 2 survivors (4096K)
 Metaspace       used 35555K, committed 36160K, reserved 1114112K
  class space    used 4875K, committed 5120K, reserved 1048576K
}
Event: 11.952 GC heap after
{Heap after GC invocations=9 (full 0):
 garbage-first heap   total 49152K, used 20826K [0x0000000704200000, 0x0000000800000000)
  region size 2048K, 2 young (4096K), 2 survivors (4096K)
 Metaspace       used 35555K, committed 36160K, reserved 1114112K
  class space    used 4875K, committed 5120K, reserved 1048576K
}
Event: 12.228 GC heap before
{Heap before GC invocations=10 (full 0):
 garbage-first heap   total 49152K, used 37210K [0x0000000704200000, 0x0000000800000000)
  region size 2048K, 11 young (22528K), 2 survivors (4096K)
 Metaspace       used 39090K, committed 39744K, reserved 1114112K
  class space    used 5341K, committed 5632K, reserved 1048576K
}
Event: 12.231 GC heap after
{Heap after GC invocations=11 (full 0):
 garbage-first heap   total 49152K, used 23130K [0x0000000704200000, 0x0000000800000000)
  region size 2048K, 2 young (4096K), 2 survivors (4096K)
 Metaspace       used 39090K, committed 39744K, reserved 1114112K
  class space    used 5341K, committed 5632K, reserved 1048576K
}
Event: 12.473 GC heap before
{Heap before GC invocations=11 (full 0):
 garbage-first heap   total 49152K, used 37466K [0x0000000704200000, 0x0000000800000000)
  region size 2048K, 10 young (20480K), 2 survivors (4096K)
 Metaspace       used 43252K, committed 43904K, reserved 1114112K
  class space    used 5932K, committed 6272K, reserved 1048576K
}
Event: 12.477 GC heap after
{Heap after GC invocations=12 (full 0):
 garbage-first heap   total 155648K, used 24860K [0x0000000704200000, 0x0000000800000000)
  region size 2048K, 2 young (4096K), 2 survivors (4096K)
 Metaspace       used 43252K, committed 43904K, reserved 1114112K
  class space    used 5932K, committed 6272K, reserved 1048576K
}

